<?xml version="1.0" encoding="UTF-8"?>
<!-- Generated by org.testng.reporters.JUnitReportReporter -->
<testsuite hostname="kaustubh009" failures="0" tests="3" name="TestRunner.RunnerTest" time="15.029" errors="0" timestamp="2023-07-31T23:53:04 IST" skipped="0">
  <testcase classname="TestRunner.RunnerTest" name="runScenario" time="4.987"/>
  <system-out/>
  <testcase classname="TestRunner.RunnerTest" name="runScenario" time="4.660"/>
  <system-out/>
  <testcase classname="TestRunner.RunnerTest" name="runScenario" time="5.382"/>
  <system-out/>
</testsuite> <!-- TestRunner.RunnerTest -->
